[03/05/2026 17:46:03] INFO - <module>:35 - Test info message
[03/05/2026 18:03:33] INFO - start:77 - Succesfully created new user greater1s
[03/05/2026 18:16:12] ERROR - edit_preferences:131 - Error fetching from the database: ReplyKeyboardMarkup.__init__() got an unexpected keyword argument 'keyboard'
[03/05/2026 22:35:31] ERROR - location:174 - Error while handling location: A request to the Telegram API was unsuccessful. Error code: 400. Description: Bad Request: can't parse inline keyboard button: Text buttons are unallowed in the inline keyboard
[03/05/2026 22:36:38] ERROR - save_message:61 - Error while saving a message: 6 values for 7 columns
[03/05/2026 22:36:39] ERROR - location:176 - Error while handling location: A request to the Telegram API was unsuccessful. Error code: 400. Description: Bad Request: can't parse inline keyboard button: Text buttons are unallowed in the inline keyboard
[03/05/2026 22:37:27] ERROR - location:176 - Error while handling location: A request to the Telegram API was unsuccessful. Error code: 400. Description: Bad Request: can't parse inline keyboard button: Text buttons are unallowed in the inline keyboard
[04/05/2026 21:39:00] ERROR - location:200 - Error while handling location: A request to the Telegram API was unsuccessful. Error code: 400. Description: Bad Request: can't parse inline keyboard button: Text buttons are unallowed in the inline keyboard
[04/05/2026 21:42:56] ERROR - location:199 - Error while handling location: A request to the Telegram API was unsuccessful. Error code: 400. Description: Bad Request: can't parse inline keyboard button: Text buttons are unallowed in the inline keyboard
[04/05/2026 22:02:26] INFO - change_location:162 - Changed user`s 4 forecast location to (50.491299, 30.332879)
[04/05/2026 22:04:32] ERROR - change_location:164 - Error while changing location: UNIQUE constraint failed: user_preferences.user_id
[04/05/2026 22:20:46] ERROR - start:83 - error adding a new user
[04/05/2026 22:23:12] ERROR - check_database:47 - Error while initializing a user: no such column: user_id
[04/05/2026 22:28:05] ERROR - check_database:48 - Error while initializing a user: parameters are of unsupported type
[04/05/2026 22:29:28] ERROR - check_database:48 - Error while initializing a user: parameters are of unsupported type
[04/05/2026 22:31:15] INFO - check_database:45 - Succesfully created new user greater1s
[04/05/2026 22:31:42] INFO - change_location:162 - Changed user`s 9 forecast location to (50.491299, 30.332879)
[05/05/2026 21:37:14] ERROR - config:save_message:77 - Error while saving a message: no such table: messages
[05/05/2026 21:45:02] ERROR - utils.config:save_message:77 - Error while saving a message: no such table: messages
[05/05/2026 21:47:40] ERROR - utils.config:save_message:77 - Error while saving a message: name 'constant' is not defined
[06/05/2026 23:08:17] INFO - utils.config:change_location:77 - Changed user`s 9 forecast location to (25.136827, 55.31167)
[06/05/2026 23:08:49] INFO - utils.config:change_location:77 - Changed user`s 9 forecast location to (55.575657, 37.74134)
[06/05/2026 23:12:16] INFO - utils.config:change_location:77 - Changed user`s 9 forecast location to (51.257995, 15.929776)
[06/05/2026 23:13:02] INFO - utils.config:change_location:77 - Changed user`s 9 forecast location to (79.67262, -19.677519)
[06/05/2026 23:13:41] INFO - utils.config:change_location:77 - Changed user`s 9 forecast location to (25.741278, -80.196862)
[06/05/2026 23:13:55] INFO - utils.config:change_location:77 - Changed user`s 9 forecast location to (50.491299, 30.332879)
[06/05/2026 23:14:30] INFO - utils.config:change_location:77 - Changed user`s 9 forecast location to (47.287632, 8.269555)
[06/05/2026 23:14:55] INFO - utils.config:change_location:77 - Changed user`s 9 forecast location to (78.038041, 15.321514)
[06/05/2026 23:15:33] INFO - utils.config:change_location:77 - Changed user`s 9 forecast location to (35.143464, 138.674881)
[06/05/2026 23:16:13] INFO - utils.config:change_location:77 - Changed user`s 9 forecast location to (35.157897, 138.676818)
[07/05/2026 16:25:26] INFO - utils.config:change_location:77 - Changed user`s 9 forecast location to (50.491287, 30.332912)
[07/05/2026 16:39:00] INFO - utils.config:change_location:77 - Changed user`s 9 forecast location to (66.341021, 23.303755)
[07/05/2026 16:40:30] INFO - utils.config:change_location:77 - Changed user`s 9 forecast location to (33.757872, -118.19583)
[07/05/2026 16:45:03] INFO - utils.config:change_location:77 - Changed user`s 9 forecast location to (37.642201, -122.428494)
[10/05/2026 13:25:03] INFO - utils.config:check_database:40 - Found no record of user in user_preferences. Sucessfully created a record.
[10/05/2026 13:37:35] INFO - utils.config:change_location:77 - Changed user`s 9 forecast location to (50.490572, 30.336264)
[10/05/2026 14:14:55] ERROR - utils.config:weather:76 - Exception raised while acessing location preferences for user: cannot unpack non-iterable NoneType object
[10/05/2026 14:15:00] ERROR - utils.config:weather:76 - Exception raised while acessing location preferences for user: cannot unpack non-iterable NoneType object
[10/05/2026 14:16:29] ERROR - utils.config:weather:76 - Exception raised while acessing location preferences for user: cannot unpack non-iterable NoneType object
[10/05/2026 14:16:35] ERROR - utils.config:weather:76 - Exception raised while acessing location preferences for user: cannot unpack non-iterable NoneType object
[10/05/2026 14:17:14] ERROR - utils.config:weather:76 - Exception raised while acessing location preferences for user: 'NoneType' object is not subscriptable
[10/05/2026 14:27:39] ERROR - utils.config:weather:87 - Exception raised while acessing location preferences for user: catching classes that do not inherit from BaseException is not allowed
[10/05/2026 14:28:20] ERROR - utils.config:weather:87 - Exception raised while acessing location preferences for user: catching classes that do not inherit from BaseException is not allowed
[10/05/2026 14:30:49] INFO - utils.config:check_database:40 - Found no record of user in user_preferences. Sucessfully created a new record.
[10/05/2026 14:30:49] ERROR - utils.config:weather:87 - Exception raised while acessing location preferences for user: A request to the Telegram API was unsuccessful. Error code: 400. Description: Bad Request: chat not found
[10/05/2026 14:32:39] INFO - utils.config:check_database:40 - Found no record of user in user_preferences. Sucessfully created a new record.
[10/05/2026 14:33:24] INFO - utils.config:change_location:84 - Changed user`s 9 forecast location to (50.490546, 30.336108)
[10/05/2026 14:33:44] ERROR - utils.config:edit_preferences:52 - Error fetching from the database: tuple indices must be integers or slices, not str
[10/05/2026 14:35:28] ERROR - utils.config:edit_preferences:52 - Error fetching from the database: 'int' object is not subscriptable
[10/05/2026 14:36:03] ERROR - utils.config:edit_preferences:53 - Error fetching from the database: 'NoneType' object is not subscriptable
[10/05/2026 14:53:52] INFO - utils.config:change_location:90 - Changed user`s 9 forecast location to (50.490365, 30.335765)
[10/05/2026 18:09:29] INFO - utils.config:check_database:59 - Succesfully created new user Yet Another Weather Bot
[10/05/2026 18:09:29] ERROR - utils.config:preferences:59 - Error fetching from the database: Database check concluded after failing to fetch the user id.
[10/05/2026 18:09:32] ERROR - utils.config:preferences:59 - Error fetching from the database: Database check concluded after failing to fetch the user id.
[10/05/2026 18:36:24] INFO - utils.config:check_database:59 - Succesfully created new user greater1s
[10/05/2026 18:38:23] ERROR - utils.config:preferences:58 - Error fetching from the database: 'str' object has no attribute 'message_id'
[10/05/2026 18:41:03] INFO - utils.config:check_database:40 - Found no record of user in user_preferences. Sucessfully created a new record.
[10/05/2026 18:42:25] ERROR - utils.config:preferences:58 - Error fetching from the database: 'str' object has no attribute 'message_id'
[10/05/2026 18:42:31] ERROR - utils.config:preferences:58 - Error fetching from the database: 'str' object has no attribute 'message_id'
[10/05/2026 18:45:13] ERROR - utils.config:preferences:58 - Error fetching from the database: 'str' object has no attribute 'message_id'
[10/05/2026 18:46:26] ERROR - utils.config:save_message:113 - Error while saving a message: UNIQUE constraint failed: messages.id
[10/05/2026 18:46:28] ERROR - utils.config:save_message:113 - Error while saving a message: 'NoneType' object is not subscriptable
[10/05/2026 18:46:44] ERROR - utils.config:preferences:58 - Error fetching from the database: 'str' object has no attribute 'message_id'
[10/05/2026 18:50:10] INFO - utils.config:check_database:60 - Succesfully created new user greater1s
[10/05/2026 18:50:10] ERROR - utils.config:save_message:114 - Error while saving a message: UNIQUE constraint failed: messages.id
[10/05/2026 18:56:02] ERROR - utils.config:save_message:114 - Error while saving a message: UNIQUE constraint failed: messages.id
[10/05/2026 18:57:34] INFO - utils.config:check_database:60 - Succesfully created new user greater1s
[10/05/2026 18:57:34] ERROR - utils.config:save_message:114 - Error while saving a message: UNIQUE constraint failed: messages.id
[10/05/2026 18:59:40] INFO - utils.config:check_database:60 - Succesfully created new user greater1s
[10/05/2026 18:59:40] ERROR - utils.config:save_message:114 - Error while saving a message: UNIQUE constraint failed: messages.id
[10/05/2026 18:59:45] ERROR - utils.config:save_message:114 - Error while saving a message: UNIQUE constraint failed: messages.id
[10/05/2026 19:01:01] ERROR - utils.config:save_message:114 - Error while saving a message 636: UNIQUE constraint failed: messages.id
[10/05/2026 19:01:09] ERROR - utils.config:save_message:114 - Error while saving a message 641: UNIQUE constraint failed: messages.id
[10/05/2026 19:06:02] INFO - utils.config:check_database:60 - Succesfully created new user greater1s
[10/05/2026 19:06:02] ERROR - utils.config:save_message:114 - Error while saving a message 646: UNIQUE constraint failed: messages.id
[10/05/2026 19:07:30] ERROR - utils.config:save_message:114 - Error while saving a message 674: UNIQUE constraint failed: messages.id
[10/05/2026 19:08:08] ERROR - utils.config:save_message:114 - Error while saving a message 678: 'NoneType' object is not subscriptable
[10/05/2026 19:08:09] ERROR - utils.config:preferences:58 - Error fetching from the database: 'str' object has no attribute 'message_id'
[10/05/2026 19:09:31] INFO - utils.config:check_database:60 - Succesfully created new user greater1s
[10/05/2026 19:09:31] ERROR - utils.config:save_message:114 - Error while saving a message 682: UNIQUE constraint failed: messages.id
[10/05/2026 19:10:48] ERROR - utils.config:save_message:114 - Error while saving a message 686: 'NoneType' object is not subscriptable
[10/05/2026 19:10:49] ERROR - utils.config:preferences:59 - Error fetching from the database: 'str' object has no attribute 'message_id'
[10/05/2026 19:13:48] ERROR - utils.config:preferences:58 - Error fetching from the database: name 'teleid' is not defined
[10/05/2026 19:14:05] ERROR - utils.config:preferences:58 - Error fetching from the database: name 'teleid' is not defined
[10/05/2026 19:14:08] ERROR - utils.config:save_message:114 - Error while saving a message 688: UNIQUE constraint failed: messages.id
[10/05/2026 19:14:09] ERROR - utils.config:save_message:114 - Error while saving a message 692: 'NoneType' object is not subscriptable
[10/05/2026 19:14:10] ERROR - utils.config:preferences:58 - Error fetching from the database: name 'teleid' is not defined
[10/05/2026 19:17:55] ERROR - utils.config:preferences:58 - Error fetching from the database: Failed to fetch records for user preferences
[10/05/2026 19:18:00] INFO - utils.config:check_database:41 - Found no record of user in user_preferences. Sucessfully created a new record.
[10/05/2026 19:18:00] ERROR - utils.config:save_message:114 - Error while saving a message 695: UNIQUE constraint failed: messages.id
[10/05/2026 19:27:27] ERROR - utils.config:save_message:114 - Error while saving a message 701: UNIQUE constraint failed: messages.id
[10/05/2026 19:27:28] ERROR - utils.config:save_message:114 - Error while saving a message 705: 'NoneType' object is not subscriptable
[10/05/2026 19:54:29] ERROR - utils.config:preferences:56 - Error fetching from the database: Failed to fetch records for user preferences
[10/05/2026 19:54:32] INFO - utils.config:check_database:41 - Found no record of user in user_preferences. Sucessfully created a new record.
[10/05/2026 19:54:32] ERROR - utils.config:save_message:114 - Error while saving a message 718: UNIQUE constraint failed: messages.id
[10/05/2026 19:54:36] ERROR - utils.config:save_message:114 - Error while saving a message 723: UNIQUE constraint failed: messages.id
[10/05/2026 19:54:36] ERROR - utils.config:save_message:114 - Error while saving a message 727: 'NoneType' object is not subscriptable
[10/05/2026 19:56:33] INFO - utils.config:change_location:120 - Changed user`s 4 forecast location to (50.492903, 30.330829)
[10/05/2026 20:33:29] ERROR - utils.config:get_id_teleid:135 - near "?": syntax error
[10/05/2026 20:33:29] ERROR - utils.config:database_change_one:78 - Error while inserting value into a database: near "?": syntax error
[10/05/2026 20:39:22] ERROR - utils.config:database_change_one:78 - Error while inserting value into a database: near "?": syntax error
[10/05/2026 20:41:29] ERROR - utils.config:database_change_one:79 - Error while inserting value into a database: near "WHERE": syntax error
[10/05/2026 20:45:41] ERROR - utils.config:weather:90 - Exception raised while acessing location preferences for user: no such column: measurement_system
[10/05/2026 20:45:42] ERROR - utils.config:weather:90 - Exception raised while acessing location preferences for user: no such column: measurement_system
[10/05/2026 20:53:58] ERROR - utils.config:change_location:121 - Error while changing location: get_weather_requests() missing 1 required positional argument: 'logger'
[10/05/2026 20:54:18] ERROR - utils.config:change_location:121 - Error while changing location: get_weather_requests() missing 1 required positional argument: 'logger'
[10/05/2026 21:07:46] ERROR - utils.config:database_change:86 - Error while inserting value into a database: near "WHERE": syntax error
[10/05/2026 21:07:49] ERROR - utils.config:database_change:86 - Error while inserting value into a database: near "WHERE": syntax error
[10/05/2026 21:12:05] ERROR - utils.config:database_change:90 - Error while inserting value into a database: near "WHERE": syntax error
[10/05/2026 21:18:26] ERROR - utils.config:change_location:117 - Error while changing location: no such column: measure
[10/05/2026 21:47:09] ERROR - utils.config:database_fetch:104 - Error while fetching from database: no such column: lat
[10/05/2026 21:47:09] ERROR - utils.config:change_location:121 - Error while changing location: cannot unpack non-iterable NoneType object
[10/05/2026 21:49:21] ERROR - utils.config:database_fetch:105 - Error while fetching from database: no such column: lat
[10/05/2026 21:49:21] ERROR - utils.config:change_location:121 - Error while changing location: cannot unpack non-iterable NoneType object
[10/05/2026 21:50:29] ERROR - utils.config:database_fetch:106 - Error while fetching from database: no such column: lat
[10/05/2026 21:50:29] ERROR - utils.config:change_location:121 - Error while changing location: cannot unpack non-iterable NoneType object
[10/05/2026 21:51:20] ERROR - utils.config:database_fetch:105 - Error while fetching from database: no such column: lat
[10/05/2026 21:51:20] ERROR - utils.config:change_location:121 - Error while changing location: cannot unpack non-iterable NoneType object
[10/05/2026 21:52:14] ERROR - utils.config:database_fetch:105 - Error while fetching from database: no such column: lat
[10/05/2026 21:52:14] ERROR - utils.config:change_location:122 - Error while changing location: cannot unpack non-iterable NoneType object
[10/05/2026 21:54:24] INFO - utils.config:change_location:120 - Changed user`s 4 forecast location to (50.438246, 30.339685)
[10/05/2026 22:34:48] INFO - utils.config:check_database:61 - Succesfully created new user evgesha☦️
[10/05/2026 22:34:48] ERROR - utils.config:save_message:171 - Error while saving a message 895: UNIQUE constraint failed: messages.id
[10/05/2026 22:35:19] ERROR - utils.config:save_message:171 - Error while saving a message 899: 'NoneType' object is not subscriptable
[10/05/2026 22:38:26] ERROR - utils.config:change_location:133 - Error while changing location: 'list' object has no attribute 'error'
[10/05/2026 22:40:43] ERROR - utils.config:change_location:134 - Error while changing location: 'list' object has no attribute 'error'
[10/05/2026 22:41:50] ERROR - utils.config:change_location:134 - Error while changing location: 'list' object has no attribute 'error'
[10/05/2026 22:42:31] ERROR - utils.config:change_location:134 - Error while changing location: 'list' object has no attribute 'error'
[10/05/2026 22:44:07] ERROR - utils.config:change_location:135 - Error while changing location: 'list' object has no attribute 'error'
[10/05/2026 22:46:33] ERROR - utils.config:change_location:134 - Error while changing location: 'list' object has no attribute 'error'
[10/05/2026 22:47:43] ERROR - utils.config:change_location:135 - Error while changing location: 'list' object has no attribute 'error'
[10/05/2026 22:49:06] INFO - utils.config:change_location:133 - Changed user`s 4 forecast location to (50.490389, 30.336228)
[10/05/2026 22:49:53] INFO - utils.config:change_location:133 - Changed user`s 5 forecast location to (51.271603, 15.93174)
