[03/05/2026 17:46:03] DEBUG - <module>:36 - Test debug message
[03/05/2026 18:05:17] DEBUG - edit_preferences:114 - got user id
[03/05/2026 22:34:17] DEBUG - save_message:63 - Saved a message 226 into message table.
[03/05/2026 22:34:24] DEBUG - save_message:63 - Saved a message 227 into message table.
[03/05/2026 22:34:42] DEBUG - save_message:63 - Saved a message 228 into message table.
[03/05/2026 22:34:43] DEBUG - save_message:63 - Saved a message 229 into message table.
[03/05/2026 22:37:27] DEBUG - save_message:63 - Saved message 232 into message table.
[04/05/2026 21:37:08] DEBUG - save_message:63 - Saved message 233 into message table.
[04/05/2026 21:37:25] DEBUG - save_message:63 - Saved message 234 into message table.
[04/05/2026 21:37:29] DEBUG - save_message:63 - Saved message 235 into message table.
[04/05/2026 21:37:36] DEBUG - save_message:63 - Saved message 236 into message table.
[04/05/2026 21:39:00] DEBUG - save_message:63 - Saved message 237 into message table.
[04/05/2026 21:42:56] DEBUG - save_message:63 - Saved message 238 into message table.
[04/05/2026 21:47:14] DEBUG - save_message:63 - Saved message 239 into message table.
[04/05/2026 21:52:11] DEBUG - save_message:63 - Saved message 241 into message table.
[04/05/2026 21:56:58] DEBUG - save_message:63 - Saved message 243 into message table.
[04/05/2026 21:57:05] DEBUG - save_message:63 - Saved message 245 into message table.
[04/05/2026 22:00:57] DEBUG - save_message:63 - Saved message 247 into message table.
[04/05/2026 22:02:24] DEBUG - save_message:63 - Saved message 249 into message table.
[04/05/2026 22:02:26] DEBUG - change_location:156 - Extracted lat and lon from messages table: (50.491299, 30.332879)
[04/05/2026 22:04:30] DEBUG - save_message:63 - Saved message 251 into message table.
[04/05/2026 22:04:32] DEBUG - change_location:156 - Extracted lat and lon from messages table: (50.491299, 30.332879)
[04/05/2026 22:31:39] DEBUG - save_message:77 - Saved message 287 into message table.
[04/05/2026 22:31:42] DEBUG - change_location:154 - Extracted lat and lon from messages table: (50.491299, 30.332879)
[04/05/2026 22:49:00] DEBUG - save_message:77 - Saved message 289 into message table.
[04/05/2026 22:55:19] DEBUG - get_weather_requests:87 - weather response: <Response [401]>
[04/05/2026 22:56:53] DEBUG - get_weather_requests:87 - weather response: <Response [401]> 
 json: <bound method Response.json of <Response [401]>>[05/05/2026 19:56:09] DEBUG - get_weather_requests:87 - weather response: <Response [200]> 
 json: {'coord': {'lon': 30.3329, 'lat': 50.4913}, 'weather': [{'id': 800, 'main': 'Clear', 'description': 'clear sky', 'icon': '01d'}], 'base': 'stations', 'main': {'temp': 293.99, 'feels_like': 293.38, 'temp_min': 293.99, 'temp_max': 293.99, 'pressure': 1011, 'humidity': 48, 'sea_level': 1011, 'grnd_level': 994}, 'visibility': 10000, 'wind': {'speed': 2.74, 'deg': 200, 'gust': 5.08}, 'clouds': {'all': 2}, 'dt': 1777999893, 'sys': {'country': 'UA', 'sunrise': 1777948016, 'sunset': 1778001825}, 'timezone': 10800, 'id': 704670, 'name': 'Kotsiubynske', 'cod': 200}
[05/05/2026 20:07:59] DEBUG - get_weather_requests:87 - weather response: <Response [200]> 
 json: {'coord': {'lon': 30.3329, 'lat': 50.4913}, 'weather': [{'id': 800, 'main': 'Clear', 'description': 'clear sky', 'icon': '01d'}], 'base': 'stations', 'main': {'temp': 23.47, 'feels_like': 22.73, 'temp_min': 22.97, 'temp_max': 23.47, 'pressure': 1011, 'humidity': 33, 'sea_level': 1011, 'grnd_level': 994}, 'visibility': 10000, 'wind': {'speed': 2.74, 'deg': 200, 'gust': 5.08}, 'clouds': {'all': 2}, 'dt': 1778000879, 'sys': {'type': 2, 'id': 2013236, 'country': 'UA', 'sunrise': 1777948016, 'sunset': 1778001825}, 'timezone': 10800, 'id': 704670, 'name': 'Kotsiubynske', 'cod': 200}
[05/05/2026 20:41:02] DEBUG - save_message:79 - Saved message 307 into message table.
[05/05/2026 21:11:09] DEBUG - config:get_weather_requests:87 - weather response: <Response [200]> 
 json: {'coord': {'lon': 30.3329, 'lat': 50.4913}, 'weather': [{'id': 800, 'main': 'Clear', 'description': 'clear sky', 'icon': '01n'}], 'base': 'stations', 'main': {'temp': 21.81, 'feels_like': 21.14, 'temp_min': 19.63, 'temp_max': 21.81, 'pressure': 1012, 'humidity': 42, 'sea_level': 1012, 'grnd_level': 994}, 'visibility': 10000, 'wind': {'speed': 2.8, 'deg': 207, 'gust': 5.11}, 'clouds': {'all': 2}, 'dt': 1778004669, 'sys': {'type': 2, 'id': 2013236, 'country': 'UA', 'sunrise': 1777948016, 'sunset': 1778001825}, 'timezone': 10800, 'id': 704670, 'name': 'Kotsiubynske', 'cod': 200}
[05/05/2026 21:48:15] DEBUG - utils.config:save_message:79 - Saved message 324 into message table.
[05/05/2026 21:48:24] DEBUG - utils.config:save_message:79 - Saved message 325 into message table.
[05/05/2026 21:50:10] DEBUG - utils.config:save_message:79 - Saved message 326 into message table.
[05/05/2026 22:03:48] DEBUG - utils.config:save_message:79 - Saved message 327 into message table.
[05/05/2026 22:04:07] DEBUG - utils.config:save_message:79 - Saved message 328 into message table.
[05/05/2026 23:01:04] DEBUG - utils.config:save_message:86 - Saved message 329 into message table.
[05/05/2026 23:03:42] DEBUG - utils.config:get_weather_requests:94 - weather response: <Response [200]> 
 json: {'coord': {'lon': 30.3329, 'lat': 50.4913}, 'weather': [{'id': 800, 'main': 'Clear', 'description': 'clear sky', 'icon': '01n'}], 'base': 'stations', 'main': {'temp': 18.52, 'feels_like': 17.63, 'temp_min': 18.52, 'temp_max': 18.52, 'pressure': 1012, 'humidity': 46, 'sea_level': 1012, 'grnd_level': 994}, 'visibility': 10000, 'wind': {'speed': 2.32, 'deg': 219, 'gust': 3.44}, 'clouds': {'all': 0}, 'dt': 1778011422, 'sys': {'type': 2, 'id': 2003742, 'country': 'UA', 'sunrise': 1777948016, 'sunset': 1778001825}, 'timezone': 10800, 'id': 704670, 'name': 'Kotsiubynske', 'cod': 200}
[05/05/2026 23:09:32] DEBUG - utils.config:save_message:64 - text
[05/05/2026 23:09:32] DEBUG - utils.config:save_message:89 - Saved message 335 into message table.
[06/05/2026 21:30:27] DEBUG - utils.config:save_message:64 - location
[06/05/2026 21:30:27] DEBUG - utils.config:save_message:89 - Saved message 340 into message table.
[06/05/2026 21:41:26] DEBUG - utils.config:save_message:68 - text
[06/05/2026 21:41:26] DEBUG - utils.config:save_message:93 - Saved message 346 into message table.
[06/05/2026 21:46:30] DEBUG - utils.config:save_message:57 - text
[06/05/2026 21:46:30] DEBUG - utils.config:save_message:70 - text
[06/05/2026 21:46:30] DEBUG - utils.config:save_message:95 - Saved message 348 into message table.
[06/05/2026 21:53:19] DEBUG - utils.config:save_message:81 - CAACAgIAAxkBAAIBW2n7jIDpESuQ-WCcFzonfyAfOrXDAAIzEgACYz6oS1QF8D9LyESgOwQ
[06/05/2026 21:53:19] DEBUG - utils.config:save_message:91 - Saved message 351 into message table.
[06/05/2026 21:53:20] DEBUG - utils.config:save_message:81 - CAACAgIAAxkBAAIBYGn7jiCncN_a9vxIbzdzKamM8tMNAAJnEAACzcupS7WVIFEhmF1sOwQ
[06/05/2026 21:53:20] DEBUG - utils.config:save_message:91 - Saved message 352 into message table.
[06/05/2026 21:53:20] DEBUG - utils.config:save_message:81 - CAACAgIAAxkBAAIBYWn7jiDhQ6OvB6R-d6fbGR9qD679AAKPZAACXjT5SgJF4uy-pgd3OwQ
[06/05/2026 21:53:20] DEBUG - utils.config:save_message:91 - Saved message 353 into message table.
[06/05/2026 22:02:31] DEBUG - utils.config:save_message:81 - CAACAgIAAxkBAAIBYmn7kEeh3qEGxV67oDV2zC9RYwqaAAIzXgACPfLxSthdrvb78KV7OwQ
[06/05/2026 22:02:31] DEBUG - utils.config:save_message:91 - Saved message 354 into message table.
[06/05/2026 22:02:33] DEBUG - utils.config:save_message:81 - CAACAgIAAxkBAAIBY2n7kEn_H5SjbJszNeMw0pKx7wrqAAIeagACX8upSZMGNfoYxdIqOwQ
[06/05/2026 22:02:33] DEBUG - utils.config:save_message:91 - Saved message 355 into message table.
[06/05/2026 22:03:18] DEBUG - utils.config:save_message:81 - CAACAgIAAxkBAAIBZGn7kHb6dL0PyiaMHrmipWDV2jxrAAIiEQAC56CxS-iishyLTKlWOwQ
[06/05/2026 22:03:18] DEBUG - utils.config:save_message:91 - Saved message 356 into message table.
[06/05/2026 22:03:34] DEBUG - utils.config:save_message:81 - CAACAgIAAxkBAAIBXmn7jSEUB8Xw_4dThVBjXvzbNU5GAAIubgACplMoSDWCbgmfYquAOwQ
[06/05/2026 22:03:34] DEBUG - utils.config:save_message:91 - Saved message 357 into message table.
[06/05/2026 22:04:03] DEBUG - utils.config:save_message:91 - Saved message 358 into message table.
[06/05/2026 22:04:05] DEBUG - utils.config:save_message:91 - Saved message 359 into message table.
[06/05/2026 22:05:53] DEBUG - utils.config:save_message:90 - Saved message 360 into message table.
[06/05/2026 22:06:53] DEBUG - utils.config:save_message:90 - Saved message 364 into message table.
[06/05/2026 22:07:01] DEBUG - utils.config:save_message:90 - Saved message 365 into message table.
[06/05/2026 22:09:58] DEBUG - utils.config:get_weather_requests:98 - weather response: <Response [200]> 
 json: {'coord': {'lon': 30.3329, 'lat': 50.4913}, 'weather': [{'id': 800, 'main': 'Clear', 'description': 'clear sky', 'icon': '01n'}], 'base': 'stations', 'main': {'temp': 21.25, 'feels_like': 20.37, 'temp_min': 21.25, 'temp_max': 21.86, 'pressure': 1013, 'humidity': 36, 'sea_level': 1013, 'grnd_level': 995}, 'visibility': 10000, 'wind': {'speed': 3.68, 'deg': 209, 'gust': 9.97}, 'clouds': {'all': 0}, 'dt': 1778094598, 'sys': {'type': 2, 'id': 2013236, 'country': 'UA', 'sunrise': 1778034315, 'sunset': 1778088318}, 'timezone': 10800, 'id': 704670, 'name': 'Kotsiubynske', 'cod': 200}
[06/05/2026 22:12:34] DEBUG - utils.config:get_weather_requests:98 - weather response: <Response [200]> 
 json: {'coord': {'lon': 30.3329, 'lat': 50.4913}, 'weather': [{'id': 800, 'main': 'Clear', 'description': 'clear sky', 'icon': '01n'}], 'base': 'stations', 'main': {'temp': 21.25, 'feels_like': 20.37, 'temp_min': 21.25, 'temp_max': 21.86, 'pressure': 1012, 'humidity': 36, 'sea_level': 1012, 'grnd_level': 995}, 'visibility': 10000, 'wind': {'speed': 3.68, 'deg': 209, 'gust': 9.97}, 'clouds': {'all': 0}, 'dt': 1778094754, 'sys': {'type': 2, 'id': 2013236, 'country': 'UA', 'sunrise': 1778034315, 'sunset': 1778088318}, 'timezone': 10800, 'id': 704670, 'name': 'Kotsiubynske', 'cod': 200}
[06/05/2026 22:12:54] DEBUG - utils.config:get_weather_requests:98 - weather response: <Response [200]> 
 json: {'coord': {'lon': 30.3329, 'lat': 50.4913}, 'weather': [{'id': 800, 'main': 'Clear', 'description': 'clear sky', 'icon': '01n'}], 'base': 'stations', 'main': {'temp': 21.25, 'feels_like': 20.37, 'temp_min': 21.25, 'temp_max': 21.86, 'pressure': 1012, 'humidity': 36, 'sea_level': 1012, 'grnd_level': 995}, 'visibility': 10000, 'wind': {'speed': 3.68, 'deg': 209, 'gust': 9.97}, 'clouds': {'all': 0}, 'dt': 1778094754, 'sys': {'type': 2, 'id': 2013236, 'country': 'UA', 'sunrise': 1778034315, 'sunset': 1778088318}, 'timezone': 10800, 'id': 704670, 'name': 'Kotsiubynske', 'cod': 200}
[06/05/2026 22:13:24] DEBUG - utils.config:get_weather_requests:98 - weather response: <Response [200]> 
 json: {'coord': {'lon': 30.3329, 'lat': 50.4913}, 'weather': [{'id': 800, 'main': 'Clear', 'description': 'clear sky', 'icon': '01n'}], 'base': 'stations', 'main': {'temp': 21.25, 'feels_like': 20.37, 'temp_min': 21.25, 'temp_max': 21.86, 'pressure': 1012, 'humidity': 36, 'sea_level': 1012, 'grnd_level': 995}, 'visibility': 10000, 'wind': {'speed': 3.68, 'deg': 209, 'gust': 9.97}, 'clouds': {'all': 0}, 'dt': 1778094754, 'sys': {'type': 2, 'id': 2013236, 'country': 'UA', 'sunrise': 1778034315, 'sunset': 1778088318}, 'timezone': 10800, 'id': 704670, 'name': 'Kotsiubynske', 'cod': 200}
[06/05/2026 22:14:12] DEBUG - utils.config:get_weather_requests:98 - weather response: <Response [200]> 
 json: {'coord': {'lon': 30.3329, 'lat': 50.4913}, 'weather': [{'id': 800, 'main': 'Clear', 'description': 'clear sky', 'icon': '01n'}], 'base': 'stations', 'main': {'temp': 21.25, 'feels_like': 20.37, 'temp_min': 21.25, 'temp_max': 21.86, 'pressure': 1012, 'humidity': 36, 'sea_level': 1012, 'grnd_level': 995}, 'visibility': 10000, 'wind': {'speed': 3.68, 'deg': 209, 'gust': 9.97}, 'clouds': {'all': 0}, 'dt': 1778094754, 'sys': {'type': 2, 'id': 2013236, 'country': 'UA', 'sunrise': 1778034315, 'sunset': 1778088318}, 'timezone': 10800, 'id': 704670, 'name': 'Kotsiubynske', 'cod': 200}
[06/05/2026 22:25:13] DEBUG - utils.config:get_weather_requests:98 - weather response: <Response [200]> 
 json: {'coord': {'lon': 30.3329, 'lat': 50.4913}, 'weather': [{'id': 800, 'main': 'Clear', 'description': 'clear sky', 'icon': '01n'}], 'base': 'stations', 'main': {'temp': 21.25, 'feels_like': 20.37, 'temp_min': 21.25, 'temp_max': 21.3, 'pressure': 1012, 'humidity': 36, 'sea_level': 1012, 'grnd_level': 995}, 'visibility': 10000, 'wind': {'speed': 3.68, 'deg': 209, 'gust': 9.97}, 'clouds': {'all': 0}, 'dt': 1778095513, 'sys': {'type': 2, 'id': 2013236, 'country': 'UA', 'sunrise': 1778034315, 'sunset': 1778088318}, 'timezone': 10800, 'id': 704670, 'name': 'Kotsiubynske', 'cod': 200}
[06/05/2026 22:28:49] DEBUG - utils.config:get_weather_requests:98 - weather response: <Response [200]> 
 json: {'coord': {'lon': 30.3329, 'lat': 50.4913}, 'weather': [{'id': 800, 'main': 'Clear', 'description': 'clear sky', 'icon': '01n'}], 'base': 'stations', 'main': {'temp': 21.25, 'feels_like': 20.37, 'temp_min': 21.25, 'temp_max': 21.3, 'pressure': 1012, 'humidity': 36, 'sea_level': 1012, 'grnd_level': 995}, 'visibility': 10000, 'wind': {'speed': 3.68, 'deg': 209, 'gust': 9.97}, 'clouds': {'all': 0}, 'dt': 1778095729, 'sys': {'type': 2, 'id': 2013236, 'country': 'UA', 'sunrise': 1778034315, 'sunset': 1778088318}, 'timezone': 10800, 'id': 704670, 'name': 'Kotsiubynske', 'cod': 200}
[06/05/2026 22:30:24] DEBUG - utils.config:get_weather_requests:98 - weather response: <Response [200]> 
 json: {'coord': {'lon': 30.3329, 'lat': 50.4913}, 'weather': [{'id': 800, 'main': 'Clear', 'description': 'clear sky', 'icon': '01n'}], 'base': 'stations', 'main': {'temp': 21.25, 'feels_like': 20.37, 'temp_min': 21.25, 'temp_max': 21.3, 'pressure': 1012, 'humidity': 36, 'sea_level': 1012, 'grnd_level': 995}, 'visibility': 10000, 'wind': {'speed': 3.68, 'deg': 209, 'gust': 9.97}, 'clouds': {'all': 0}, 'dt': 1778095729, 'sys': {'type': 2, 'id': 2013236, 'country': 'UA', 'sunrise': 1778034315, 'sunset': 1778088318}, 'timezone': 10800, 'id': 704670, 'name': 'Kotsiubynske', 'cod': 200}
[06/05/2026 22:30:47] DEBUG - utils.config:get_weather_requests:98 - weather response: <Response [200]> 
 json: {'coord': {'lon': 30.3329, 'lat': 50.4913}, 'weather': [{'id': 800, 'main': 'Clear', 'description': 'clear sky', 'icon': '01n'}], 'base': 'stations', 'main': {'temp': 21.25, 'feels_like': 20.37, 'temp_min': 21.25, 'temp_max': 21.3, 'pressure': 1012, 'humidity': 36, 'sea_level': 1012, 'grnd_level': 995}, 'visibility': 10000, 'wind': {'speed': 3.68, 'deg': 209, 'gust': 9.97}, 'clouds': {'all': 0}, 'dt': 1778095729, 'sys': {'type': 2, 'id': 2013236, 'country': 'UA', 'sunrise': 1778034315, 'sunset': 1778088318}, 'timezone': 10800, 'id': 704670, 'name': 'Kotsiubynske', 'cod': 200}
[06/05/2026 22:31:02] DEBUG - utils.config:get_weather_requests:98 - weather response: <Response [200]> 
 json: {'coord': {'lon': 30.3329, 'lat': 50.4913}, 'weather': [{'id': 800, 'main': 'Clear', 'description': 'clear sky', 'icon': '01n'}], 'base': 'stations', 'main': {'temp': 21.25, 'feels_like': 20.37, 'temp_min': 21.25, 'temp_max': 21.3, 'pressure': 1012, 'humidity': 36, 'sea_level': 1012, 'grnd_level': 995}, 'visibility': 10000, 'wind': {'speed': 3.68, 'deg': 209, 'gust': 9.97}, 'clouds': {'all': 0}, 'dt': 1778095729, 'sys': {'type': 2, 'id': 2013236, 'country': 'UA', 'sunrise': 1778034315, 'sunset': 1778088318}, 'timezone': 10800, 'id': 704670, 'name': 'Kotsiubynske', 'cod': 200}
[06/05/2026 22:32:50] DEBUG - utils.config:get_weather_requests:98 - weather response: <Response [200]> 
 json: {'coord': {'lon': 30.3329, 'lat': 50.4913}, 'weather': [{'id': 800, 'main': 'Clear', 'description': 'clear sky', 'icon': '01n'}], 'base': 'stations', 'main': {'temp': 21.25, 'feels_like': 20.37, 'temp_min': 21.25, 'temp_max': 21.3, 'pressure': 1012, 'humidity': 36, 'sea_level': 1012, 'grnd_level': 995}, 'visibility': 10000, 'wind': {'speed': 3.68, 'deg': 209, 'gust': 9.97}, 'clouds': {'all': 0}, 'dt': 1778095513, 'sys': {'type': 2, 'id': 2013236, 'country': 'UA', 'sunrise': 1778034315, 'sunset': 1778088318}, 'timezone': 10800, 'id': 704670, 'name': 'Kotsiubynske', 'cod': 200}
[06/05/2026 22:32:56] DEBUG - utils.config:get_weather_requests:98 - weather response: <Response [200]> 
 json: {'coord': {'lon': 30.3329, 'lat': 50.4913}, 'weather': [{'id': 800, 'main': 'Clear', 'description': 'clear sky', 'icon': '01n'}], 'base': 'stations', 'main': {'temp': 21.25, 'feels_like': 20.37, 'temp_min': 21.25, 'temp_max': 21.3, 'pressure': 1012, 'humidity': 36, 'sea_level': 1012, 'grnd_level': 995}, 'visibility': 10000, 'wind': {'speed': 3.68, 'deg': 209, 'gust': 9.97}, 'clouds': {'all': 0}, 'dt': 1778095513, 'sys': {'type': 2, 'id': 2013236, 'country': 'UA', 'sunrise': 1778034315, 'sunset': 1778088318}, 'timezone': 10800, 'id': 704670, 'name': 'Kotsiubynske', 'cod': 200}
[06/05/2026 22:43:00] DEBUG - utils.config:get_weather_requests:98 - weather response: <Response [200]> 
 json: {'coord': {'lon': 30.3329, 'lat': 50.4913}, 'weather': [{'id': 800, 'main': 'Clear', 'description': 'clear sky', 'icon': '01n'}], 'base': 'stations', 'main': {'temp': 20.75, 'feels_like': 19.87, 'temp_min': 20.75, 'temp_max': 20.75, 'pressure': 1012, 'humidity': 38, 'sea_level': 1012, 'grnd_level': 995}, 'visibility': 10000, 'wind': {'speed': 4.02, 'deg': 216, 'gust': 11.2}, 'clouds': {'all': 1}, 'dt': 1778096580, 'sys': {'type': 2, 'id': 2003742, 'country': 'UA', 'sunrise': 1778034315, 'sunset': 1778088318}, 'timezone': 10800, 'id': 704670, 'name': 'Kotsiubynske', 'cod': 200}
[06/05/2026 22:43:18] DEBUG - utils.config:get_weather_requests:98 - weather response: <Response [200]> 
 json: {'coord': {'lon': 30.3329, 'lat': 50.4913}, 'weather': [{'id': 800, 'main': 'Clear', 'description': 'clear sky', 'icon': '01n'}], 'base': 'stations', 'main': {'temp': 20.75, 'feels_like': 19.87, 'temp_min': 20.75, 'temp_max': 20.75, 'pressure': 1012, 'humidity': 38, 'sea_level': 1012, 'grnd_level': 995}, 'visibility': 10000, 'wind': {'speed': 4.02, 'deg': 216, 'gust': 11.2}, 'clouds': {'all': 1}, 'dt': 1778096598, 'sys': {'type': 2, 'id': 2003742, 'country': 'UA', 'sunrise': 1778034315, 'sunset': 1778088318}, 'timezone': 10800, 'id': 704670, 'name': 'Kotsiubynske', 'cod': 200}
[06/05/2026 22:45:06] DEBUG - utils.config:get_weather_requests:98 - weather response: <Response [200]> 
 json: {'coord': {'lon': 30.3329, 'lat': 50.4913}, 'weather': [{'id': 800, 'main': 'Clear', 'description': 'clear sky', 'icon': '01n'}], 'base': 'stations', 'main': {'temp': 20.75, 'feels_like': 19.87, 'temp_min': 20.75, 'temp_max': 20.75, 'pressure': 1012, 'humidity': 38, 'sea_level': 1012, 'grnd_level': 995}, 'visibility': 10000, 'wind': {'speed': 4.02, 'deg': 216, 'gust': 11.2}, 'clouds': {'all': 1}, 'dt': 1778096598, 'sys': {'type': 2, 'id': 2003742, 'country': 'UA', 'sunrise': 1778034315, 'sunset': 1778088318}, 'timezone': 10800, 'id': 704670, 'name': 'Kotsiubynske', 'cod': 200}
[06/05/2026 22:46:09] DEBUG - utils.config:get_weather_requests:98 - weather response: <Response [200]> 
 json: {'coord': {'lon': 30.3329, 'lat': 50.4913}, 'weather': [{'id': 800, 'main': 'Clear', 'description': 'clear sky', 'icon': '01n'}], 'base': 'stations', 'main': {'temp': 20.75, 'feels_like': 19.87, 'temp_min': 20.75, 'temp_max': 20.75, 'pressure': 1012, 'humidity': 38, 'sea_level': 1012, 'grnd_level': 995}, 'visibility': 10000, 'wind': {'speed': 4.02, 'deg': 216, 'gust': 11.2}, 'clouds': {'all': 1}, 'dt': 1778096598, 'sys': {'type': 2, 'id': 2003742, 'country': 'UA', 'sunrise': 1778034315, 'sunset': 1778088318}, 'timezone': 10800, 'id': 704670, 'name': 'Kotsiubynske', 'cod': 200}
[06/05/2026 22:46:54] DEBUG - utils.config:get_weather_requests:98 - weather response: <Response [200]> 
 json: {'coord': {'lon': 30.3329, 'lat': 50.4913}, 'weather': [{'id': 800, 'main': 'Clear', 'description': 'clear sky', 'icon': '01n'}], 'base': 'stations', 'main': {'temp': 20.75, 'feels_like': 19.87, 'temp_min': 20.75, 'temp_max': 20.75, 'pressure': 1012, 'humidity': 38, 'sea_level': 1012, 'grnd_level': 995}, 'visibility': 10000, 'wind': {'speed': 4.02, 'deg': 216, 'gust': 11.2}, 'clouds': {'all': 1}, 'dt': 1778096598, 'sys': {'type': 2, 'id': 2003742, 'country': 'UA', 'sunrise': 1778034315, 'sunset': 1778088318}, 'timezone': 10800, 'id': 704670, 'name': 'Kotsiubynske', 'cod': 200}
[06/05/2026 22:48:37] DEBUG - utils.config:get_weather_requests:98 - weather response: <Response [200]> 
 json: {'coord': {'lon': 30.3329, 'lat': 50.4913}, 'weather': [{'id': 800, 'main': 'Clear', 'description': 'clear sky', 'icon': '01n'}], 'base': 'stations', 'main': {'temp': 20.75, 'feels_like': 19.87, 'temp_min': 20.75, 'temp_max': 20.75, 'pressure': 1012, 'humidity': 38, 'sea_level': 1012, 'grnd_level': 995}, 'visibility': 10000, 'wind': {'speed': 4.02, 'deg': 216, 'gust': 11.2}, 'clouds': {'all': 1}, 'dt': 1778096598, 'sys': {'type': 2, 'id': 2003742, 'country': 'UA', 'sunrise': 1778034315, 'sunset': 1778088318}, 'timezone': 10800, 'id': 704670, 'name': 'Kotsiubynske', 'cod': 200}
[06/05/2026 22:50:27] DEBUG - utils.config:get_weather_requests:98 - weather response: <Response [200]> 
 json: {'coord': {'lon': 30.3329, 'lat': 50.4913}, 'weather': [{'id': 800, 'main': 'Clear', 'description': 'clear sky', 'icon': '01n'}], 'base': 'stations', 'main': {'temp': 20.75, 'feels_like': 19.87, 'temp_min': 20.75, 'temp_max': 20.75, 'pressure': 1012, 'humidity': 38, 'sea_level': 1012, 'grnd_level': 995}, 'visibility': 10000, 'wind': {'speed': 4.02, 'deg': 216, 'gust': 11.2}, 'clouds': {'all': 1}, 'dt': 1778096598, 'sys': {'type': 2, 'id': 2003742, 'country': 'UA', 'sunrise': 1778034315, 'sunset': 1778088318}, 'timezone': 10800, 'id': 704670, 'name': 'Kotsiubynske', 'cod': 200}
[06/05/2026 22:54:42] DEBUG - utils.config:get_weather_requests:98 - weather response: <Response [200]> 
 json: {'coord': {'lon': 30.3329, 'lat': 50.4913}, 'weather': [{'id': 800, 'main': 'Clear', 'description': 'clear sky', 'icon': '01n'}], 'base': 'stations', 'main': {'temp': 20.7, 'feels_like': 19.84, 'temp_min': 20.19, 'temp_max': 20.7, 'pressure': 1012, 'humidity': 39, 'sea_level': 1012, 'grnd_level': 995}, 'visibility': 10000, 'wind': {'speed': 4.02, 'deg': 216, 'gust': 11.2}, 'clouds': {'all': 1}, 'dt': 1778097282, 'sys': {'type': 2, 'id': 2013236, 'country': 'UA', 'sunrise': 1778034315, 'sunset': 1778088318}, 'timezone': 10800, 'id': 704670, 'name': 'Kotsiubynske', 'cod': 200}
[06/05/2026 22:58:01] DEBUG - utils.config:get_weather_requests:98 - weather response: <Response [200]> 
 json: {'coord': {'lon': 30.3329, 'lat': 50.4913}, 'weather': [{'id': 800, 'main': 'Clear', 'description': 'clear sky', 'icon': '01n'}], 'base': 'stations', 'main': {'temp': 20.19, 'feels_like': 19.28, 'temp_min': 20.19, 'temp_max': 20.19, 'pressure': 1012, 'humidity': 39, 'sea_level': 1012, 'grnd_level': 995}, 'visibility': 10000, 'wind': {'speed': 4.02, 'deg': 216, 'gust': 11.2}, 'clouds': {'all': 1}, 'dt': 1778097481, 'sys': {'type': 2, 'id': 2003742, 'country': 'UA', 'sunrise': 1778034315, 'sunset': 1778088318}, 'timezone': 10800, 'id': 704670, 'name': 'Kotsiubynske', 'cod': 200}
[06/05/2026 22:59:03] DEBUG - utils.config:get_weather_requests:98 - weather response: <Response [200]> 
 json: {'coord': {'lon': 30.3329, 'lat': 50.4913}, 'weather': [{'id': 800, 'main': 'Clear', 'description': 'clear sky', 'icon': '01n'}], 'base': 'stations', 'main': {'temp': 20.19, 'feels_like': 19.28, 'temp_min': 20.19, 'temp_max': 20.19, 'pressure': 1012, 'humidity': 39, 'sea_level': 1012, 'grnd_level': 995}, 'visibility': 10000, 'wind': {'speed': 4.02, 'deg': 216, 'gust': 11.2}, 'clouds': {'all': 1}, 'dt': 1778097481, 'sys': {'type': 2, 'id': 2003742, 'country': 'UA', 'sunrise': 1778034315, 'sunset': 1778088318}, 'timezone': 10800, 'id': 704670, 'name': 'Kotsiubynske', 'cod': 200}
[06/05/2026 23:00:09] DEBUG - utils.config:get_weather_requests:98 - weather response: <Response [200]> 
 json: {'coord': {'lon': 30.3329, 'lat': 50.4913}, 'weather': [{'id': 800, 'main': 'Clear', 'description': 'clear sky', 'icon': '01n'}], 'base': 'stations', 'main': {'temp': 20.19, 'feels_like': 19.28, 'temp_min': 20.19, 'temp_max': 20.19, 'pressure': 1012, 'humidity': 39, 'sea_level': 1012, 'grnd_level': 995}, 'visibility': 10000, 'wind': {'speed': 4.02, 'deg': 216, 'gust': 11.2}, 'clouds': {'all': 1}, 'dt': 1778097481, 'sys': {'type': 2, 'id': 2003742, 'country': 'UA', 'sunrise': 1778034315, 'sunset': 1778088318}, 'timezone': 10800, 'id': 704670, 'name': 'Kotsiubynske', 'cod': 200}
[06/05/2026 23:00:11] DEBUG - utils.config:get_weather_requests:98 - weather response: <Response [200]> 
 json: {'coord': {'lon': 30.3329, 'lat': 50.4913}, 'weather': [{'id': 800, 'main': 'Clear', 'description': 'clear sky', 'icon': '01n'}], 'base': 'stations', 'main': {'temp': 20.19, 'feels_like': 19.28, 'temp_min': 20.19, 'temp_max': 20.19, 'pressure': 1012, 'humidity': 39, 'sea_level': 1012, 'grnd_level': 995}, 'visibility': 10000, 'wind': {'speed': 4.02, 'deg': 216, 'gust': 11.2}, 'clouds': {'all': 1}, 'dt': 1778097481, 'sys': {'type': 2, 'id': 2003742, 'country': 'UA', 'sunrise': 1778034315, 'sunset': 1778088318}, 'timezone': 10800, 'id': 704670, 'name': 'Kotsiubynske', 'cod': 200}
[06/05/2026 23:00:54] DEBUG - utils.config:get_weather_requests:98 - weather response: <Response [200]> 
 json: {'coord': {'lon': 30.3329, 'lat': 50.4913}, 'weather': [{'id': 800, 'main': 'Clear', 'description': 'clear sky', 'icon': '01n'}], 'base': 'stations', 'main': {'temp': 20.19, 'feels_like': 19.28, 'temp_min': 20.19, 'temp_max': 20.19, 'pressure': 1012, 'humidity': 39, 'sea_level': 1012, 'grnd_level': 995}, 'visibility': 10000, 'wind': {'speed': 4.02, 'deg': 216, 'gust': 11.2}, 'clouds': {'all': 1}, 'dt': 1778097481, 'sys': {'type': 2, 'id': 2003742, 'country': 'UA', 'sunrise': 1778034315, 'sunset': 1778088318}, 'timezone': 10800, 'id': 704670, 'name': 'Kotsiubynske', 'cod': 200}
[06/05/2026 23:06:19] DEBUG - utils.config:get_weather_requests:98 - weather response: <Response [200]> 
 json: {'coord': {'lon': 30.3329, 'lat': 50.4913}, 'weather': [{'id': 800, 'main': 'Clear', 'description': 'clear sky', 'icon': '01n'}], 'base': 'stations', 'main': {'temp': 20.19, 'feels_like': 19.28, 'temp_min': 20.19, 'temp_max': 20.19, 'pressure': 1012, 'humidity': 39, 'sea_level': 1012, 'grnd_level': 995}, 'visibility': 10000, 'wind': {'speed': 4.02, 'deg': 216, 'gust': 11.2}, 'clouds': {'all': 1}, 'dt': 1778097481, 'sys': {'type': 2, 'id': 2003742, 'country': 'UA', 'sunrise': 1778034315, 'sunset': 1778088318}, 'timezone': 10800, 'id': 704670, 'name': 'Kotsiubynske', 'cod': 200}
[06/05/2026 23:06:35] DEBUG - utils.config:get_weather_requests:98 - weather response: <Response [200]> 
 json: {'coord': {'lon': 30.3329, 'lat': 50.4913}, 'weather': [{'id': 800, 'main': 'Clear', 'description': 'clear sky', 'icon': '01n'}], 'base': 'stations', 'main': {'temp': 20.7, 'feels_like': 19.87, 'temp_min': 19.63, 'temp_max': 20.7, 'pressure': 1012, 'humidity': 40, 'sea_level': 1012, 'grnd_level': 995}, 'visibility': 10000, 'wind': {'speed': 4.02, 'deg': 216, 'gust': 11.2}, 'clouds': {'all': 1}, 'dt': 1778097995, 'sys': {'type': 2, 'id': 2013236, 'country': 'UA', 'sunrise': 1778034315, 'sunset': 1778088318}, 'timezone': 10800, 'id': 704670, 'name': 'Kotsiubynske', 'cod': 200}
[06/05/2026 23:06:41] DEBUG - utils.config:get_weather_requests:98 - weather response: <Response [200]> 
 json: {'coord': {'lon': 30.3329, 'lat': 50.4913}, 'weather': [{'id': 800, 'main': 'Clear', 'description': 'clear sky', 'icon': '01n'}], 'base': 'stations', 'main': {'temp': 20.7, 'feels_like': 19.87, 'temp_min': 19.63, 'temp_max': 20.7, 'pressure': 1012, 'humidity': 40, 'sea_level': 1012, 'grnd_level': 995}, 'visibility': 10000, 'wind': {'speed': 4.02, 'deg': 216, 'gust': 11.2}, 'clouds': {'all': 1}, 'dt': 1778097995, 'sys': {'type': 2, 'id': 2013236, 'country': 'UA', 'sunrise': 1778034315, 'sunset': 1778088318}, 'timezone': 10800, 'id': 704670, 'name': 'Kotsiubynske', 'cod': 200}
[06/05/2026 23:08:14] DEBUG - utils.config:save_message:90 - Saved message 415 into message table.
[06/05/2026 23:08:17] DEBUG - utils.config:change_location:69 - Extracted lat and lon from messages table: (25.136827, 55.31167)
[06/05/2026 23:08:21] DEBUG - utils.config:get_weather_requests:98 - weather response: <Response [200]> 
 json: {'coord': {'lon': 55.3117, 'lat': 25.1368}, 'weather': [{'id': 800, 'main': 'Clear', 'description': 'clear sky', 'icon': '01n'}], 'base': 'stations', 'main': {'temp': 33.95, 'feels_like': 34.4, 'temp_min': 31.12, 'temp_max': 33.95, 'pressure': 1006, 'humidity': 36, 'sea_level': 1006, 'grnd_level': 1004}, 'visibility': 10000, 'wind': {'speed': 2.06, 'deg': 320}, 'clouds': {'all': 0}, 'dt': 1778098101, 'sys': {'type': 1, 'id': 7537, 'country': 'AE', 'sunrise': 1778117937, 'sunset': 1778165499}, 'timezone': 14400, 'id': 292223, 'name': 'Dubai', 'cod': 200}
[06/05/2026 23:08:47] DEBUG - utils.config:save_message:90 - Saved message 419 into message table.
[06/05/2026 23:08:49] DEBUG - utils.config:change_location:69 - Extracted lat and lon from messages table: (55.575657, 37.74134)
[06/05/2026 23:08:52] DEBUG - utils.config:get_weather_requests:98 - weather response: <Response [200]> 
 json: {'coord': {'lon': 37.7413, 'lat': 55.5757}, 'weather': [{'id': 802, 'main': 'Clouds', 'description': 'scattered clouds', 'icon': '03n'}], 'base': 'stations', 'main': {'temp': 17.9, 'feels_like': 17.26, 'temp_min': 15.55, 'temp_max': 17.9, 'pressure': 1011, 'humidity': 58, 'sea_level': 1011, 'grnd_level': 995}, 'visibility': 10000, 'wind': {'speed': 3.15, 'deg': 58, 'gust': 7.37}, 'clouds': {'all': 46}, 'dt': 1778098132, 'sys': {'type': 1, 'id': 9021, 'country': 'RU', 'sunrise': 1778031388, 'sunset': 1778087689}, 'timezone': 10800, 'id': 581364, 'name': 'Aparinki', 'cod': 200}
[06/05/2026 23:11:16] DEBUG - utils.config:get_weather_requests:98 - weather response: <Response [200]> 
 json: {'coord': {'lon': 37.7413, 'lat': 55.5757}, 'weather': [{'id': 802, 'main': 'Clouds', 'description': 'scattered clouds', 'icon': '03n'}], 'base': 'stations', 'main': {'temp': 17.9, 'feels_like': 17.26, 'temp_min': 15.55, 'temp_max': 17.9, 'pressure': 1011, 'humidity': 58, 'sea_level': 1011, 'grnd_level': 995}, 'visibility': 10000, 'wind': {'speed': 3.15, 'deg': 58, 'gust': 7.37}, 'clouds': {'all': 46}, 'dt': 1778098276, 'sys': {'type': 1, 'id': 9021, 'country': 'RU', 'sunrise': 1778031388, 'sunset': 1778087689}, 'timezone': 10800, 'id': 581364, 'name': 'Aparinki', 'cod': 200}
[06/05/2026 23:12:15] DEBUG - utils.config:save_message:90 - Saved message 424 into message table.
[06/05/2026 23:12:16] DEBUG - utils.config:change_location:69 - Extracted lat and lon from messages table: (51.257995, 15.929776)
[06/05/2026 23:12:17] DEBUG - utils.config:get_weather_requests:98 - weather response: <Response [200]> 
 json: {'coord': {'lon': 15.9298, 'lat': 51.258}, 'weather': [{'id': 501, 'main': 'Rain', 'description': 'moderate rain', 'icon': '10n'}], 'base': 'stations', 'main': {'temp': 14.26, 'feels_like': 14.07, 'temp_min': 14.26, 'temp_max': 14.26, 'pressure': 1006, 'humidity': 89, 'sea_level': 1006, 'grnd_level': 986}, 'visibility': 10000, 'wind': {'speed': 2.25, 'deg': 33, 'gust': 4.25}, 'rain': {'1h': 1.34}, 'clouds': {'all': 100}, 'dt': 1778098337, 'sys': {'country': 'PL', 'sunrise': 1778037613, 'sunset': 1778091933}, 'timezone': 7200, 'id': 3101660, 'name': 'Chojnów', 'cod': 200}
[06/05/2026 23:12:30] DEBUG - utils.config:get_weather_requests:98 - weather response: <Response [200]> 
 json: {'coord': {'lon': 15.9298, 'lat': 51.258}, 'weather': [{'id': 501, 'main': 'Rain', 'description': 'moderate rain', 'icon': '10n'}], 'base': 'stations', 'main': {'temp': 14.26, 'feels_like': 14.07, 'temp_min': 14.26, 'temp_max': 14.26, 'pressure': 1006, 'humidity': 89, 'sea_level': 1006, 'grnd_level': 986}, 'visibility': 10000, 'wind': {'speed': 2.25, 'deg': 33, 'gust': 4.25}, 'rain': {'1h': 1.34}, 'clouds': {'all': 100}, 'dt': 1778098337, 'sys': {'country': 'PL', 'sunrise': 1778037613, 'sunset': 1778091933}, 'timezone': 7200, 'id': 3101660, 'name': 'Chojnów', 'cod': 200}
[06/05/2026 23:13:01] DEBUG - utils.config:save_message:90 - Saved message 429 into message table.
[06/05/2026 23:13:02] DEBUG - utils.config:change_location:69 - Extracted lat and lon from messages table: (79.67262, -19.677519)
[06/05/2026 23:13:03] DEBUG - utils.config:get_weather_requests:98 - weather response: <Response [200]> 
 json: {'coord': {'lon': -19.6775, 'lat': 79.6726}, 'weather': [{'id': 802, 'main': 'Clouds', 'description': 'scattered clouds', 'icon': '03n'}], 'base': 'stations', 'main': {'temp': -10.78, 'feels_like': -10.78, 'temp_min': -10.78, 'temp_max': -10.78, 'pressure': 1028, 'humidity': 92, 'sea_level': 1028, 'grnd_level': 1028}, 'visibility': 10000, 'wind': {'speed': 0.95, 'deg': 104, 'gust': 0.99}, 'clouds': {'all': 34}, 'dt': 1778098383, 'sys': {'sunrise': 0, 'sunset': 0}, 'timezone': -3600, 'id': 0, 'name': '', 'cod': 200}
[06/05/2026 23:13:40] DEBUG - utils.config:save_message:90 - Saved message 432 into message table.
[06/05/2026 23:13:41] DEBUG - utils.config:change_location:69 - Extracted lat and lon from messages table: (25.741278, -80.196862)
[06/05/2026 23:13:42] DEBUG - utils.config:get_weather_requests:98 - weather response: <Response [200]> 
 json: {'coord': {'lon': -80.2003, 'lat': 25.7446}, 'weather': [{'id': 803, 'main': 'Clouds', 'description': 'broken clouds', 'icon': '04d'}], 'base': 'stations', 'main': {'temp': 30.01, 'feels_like': 34.13, 'temp_min': 28.9, 'temp_max': 31.12, 'pressure': 1016, 'humidity': 66, 'sea_level': 1016, 'grnd_level': 1015}, 'visibility': 10000, 'wind': {'speed': 5.66, 'deg': 90}, 'clouds': {'all': 75}, 'dt': 1778098167, 'sys': {'type': 2, 'id': 2009435, 'country': 'US', 'sunrise': 1778064029, 'sunset': 1778111658}, 'timezone': -14400, 'id': 4164138, 'name': 'Miami', 'cod': 200}
[06/05/2026 23:13:52] DEBUG - utils.config:save_message:90 - Saved message 436 into message table.
[06/05/2026 23:13:55] DEBUG - utils.config:change_location:69 - Extracted lat and lon from messages table: (50.491299, 30.332879)
[06/05/2026 23:13:57] DEBUG - utils.config:get_weather_requests:98 - weather response: <Response [200]> 
 json: {'coord': {'lon': 30.3329, 'lat': 50.4913}, 'weather': [{'id': 800, 'main': 'Clear', 'description': 'clear sky', 'icon': '01n'}], 'base': 'stations', 'main': {'temp': 20.7, 'feels_like': 19.87, 'temp_min': 19.63, 'temp_max': 20.7, 'pressure': 1012, 'humidity': 40, 'sea_level': 1012, 'grnd_level': 995}, 'visibility': 10000, 'wind': {'speed': 4.02, 'deg': 216, 'gust': 11.2}, 'clouds': {'all': 1}, 'dt': 1778097995, 'sys': {'type': 2, 'id': 2013236, 'country': 'UA', 'sunrise': 1778034315, 'sunset': 1778088318}, 'timezone': 10800, 'id': 704670, 'name': 'Kotsiubynske', 'cod': 200}
[06/05/2026 23:14:29] DEBUG - utils.config:save_message:90 - Saved message 440 into message table.
[06/05/2026 23:14:30] DEBUG - utils.config:change_location:69 - Extracted lat and lon from messages table: (47.287632, 8.269555)
[06/05/2026 23:14:32] DEBUG - utils.config:get_weather_requests:98 - weather response: <Response [200]> 
 json: {'coord': {'lon': 8.2696, 'lat': 47.2876}, 'weather': [{'id': 804, 'main': 'Clouds', 'description': 'overcast clouds', 'icon': '04n'}], 'base': 'stations', 'main': {'temp': 6.87, 'feels_like': 4.98, 'temp_min': 5.81, 'temp_max': 8.37, 'pressure': 1010, 'humidity': 65, 'sea_level': 1010, 'grnd_level': 948}, 'visibility': 10000, 'wind': {'speed': 2.68, 'deg': 203, 'gust': 4.47}, 'clouds': {'all': 100}, 'dt': 1778098472, 'sys': {'type': 2, 'id': 2010942, 'country': 'CH', 'sunrise': 1778040192, 'sunset': 1778093031}, 'timezone': 7200, 'id': 7287054, 'name': 'Sarmenstorf', 'cod': 200}
[06/05/2026 23:14:54] DEBUG - utils.config:save_message:90 - Saved message 444 into message table.
[06/05/2026 23:14:55] DEBUG - utils.config:change_location:69 - Extracted lat and lon from messages table: (78.038041, 15.321514)
[06/05/2026 23:14:56] DEBUG - utils.config:get_weather_requests:98 - weather response: <Response [200]> 
 json: {'coord': {'lon': 15.3215, 'lat': 78.038}, 'weather': [{'id': 802, 'main': 'Clouds', 'description': 'scattered clouds', 'icon': '03n'}], 'base': 'stations', 'main': {'temp': -7.02, 'feels_like': -10.29, 'temp_min': -7.02, 'temp_max': -7.02, 'pressure': 1023, 'humidity': 87, 'sea_level': 1023, 'grnd_level': 959}, 'visibility': 10000, 'wind': {'speed': 1.79, 'deg': 66, 'gust': 1.8}, 'clouds': {'all': 27}, 'dt': 1778098496, 'sys': {'type': 1, 'id': 1663, 'country': 'SJ', 'sunrise': 0, 'sunset': 0}, 'timezone': 7200, 'id': 7521757, 'name': 'Svalbard', 'cod': 200}
[06/05/2026 23:15:32] DEBUG - utils.config:save_message:90 - Saved message 448 into message table.
[06/05/2026 23:15:33] DEBUG - utils.config:change_location:69 - Extracted lat and lon from messages table: (35.143464, 138.674881)
[06/05/2026 23:15:34] DEBUG - utils.config:get_weather_requests:98 - weather response: <Response [200]> 
 json: {'coord': {'lon': 138.6749, 'lat': 35.1435}, 'weather': [{'id': 804, 'main': 'Clouds', 'description': 'overcast clouds', 'icon': '04d'}], 'base': 'stations', 'main': {'temp': 17.81, 'feels_like': 17.89, 'temp_min': 17.81, 'temp_max': 17.81, 'pressure': 1015, 'humidity': 86, 'sea_level': 1015, 'grnd_level': 978}, 'visibility': 10000, 'wind': {'speed': 2.03, 'deg': 10, 'gust': 2.07}, 'clouds': {'all': 98}, 'dt': 1778098534, 'sys': {'type': 2, 'id': 2003105, 'country': 'JP', 'sunrise': 1778096927, 'sunset': 1778146497}, 'timezone': 32400, 'id': 1856524, 'name': 'Motoichiba', 'cod': 200}
[06/05/2026 23:16:12] DEBUG - utils.config:save_message:90 - Saved message 452 into message table.
[06/05/2026 23:16:13] DEBUG - utils.config:change_location:69 - Extracted lat and lon from messages table: (35.157897, 138.676818)
[06/05/2026 23:16:14] DEBUG - utils.config:get_weather_requests:98 - weather response: <Response [200]> 
 json: {'coord': {'lon': 138.6768, 'lat': 35.1579}, 'weather': [{'id': 804, 'main': 'Clouds', 'description': 'overcast clouds', 'icon': '04d'}], 'base': 'stations', 'main': {'temp': 17.79, 'feels_like': 17.87, 'temp_min': 17.79, 'temp_max': 17.79, 'pressure': 1015, 'humidity': 86, 'sea_level': 1015, 'grnd_level': 978}, 'visibility': 10000, 'wind': {'speed': 2.03, 'deg': 10, 'gust': 2.07}, 'clouds': {'all': 98}, 'dt': 1778098574, 'sys': {'type': 2, 'id': 2003105, 'country': 'JP', 'sunrise': 1778096925, 'sunset': 1778146498}, 'timezone': 32400, 'id': 1864134, 'name': 'Fuji', 'cod': 200}
[06/05/2026 23:16:36] DEBUG - utils.config:get_weather_requests:98 - weather response: <Response [200]> 
 json: {'coord': {'lon': 138.6768, 'lat': 35.1579}, 'weather': [{'id': 804, 'main': 'Clouds', 'description': 'overcast clouds', 'icon': '04d'}], 'base': 'stations', 'main': {'temp': 17.79, 'feels_like': 17.87, 'temp_min': 17.79, 'temp_max': 17.79, 'pressure': 1015, 'humidity': 86, 'sea_level': 1015, 'grnd_level': 978}, 'visibility': 10000, 'wind': {'speed': 2.03, 'deg': 10, 'gust': 2.07}, 'clouds': {'all': 98}, 'dt': 1778098574, 'sys': {'type': 2, 'id': 2003105, 'country': 'JP', 'sunrise': 1778096925, 'sunset': 1778146498}, 'timezone': 32400, 'id': 1864134, 'name': 'Fuji', 'cod': 200}
[07/05/2026 16:07:16] DEBUG - utils.config:save_message:90 - Saved message 459 into message table.
[07/05/2026 16:07:17] DEBUG - utils.config:get_weather_requests:98 - weather response: <Response [200]> 
 json: {'coord': {'lon': 138.6768, 'lat': 35.1579}, 'weather': [{'id': 803, 'main': 'Clouds', 'description': 'broken clouds', 'icon': '04n'}], 'base': 'stations', 'main': {'temp': 21.12, 'feels_like': 21.64, 'temp_min': 21.12, 'temp_max': 21.12, 'pressure': 1011, 'humidity': 90, 'sea_level': 1011, 'grnd_level': 974}, 'visibility': 877, 'wind': {'speed': 3.14, 'deg': 190, 'gust': 3.91}, 'clouds': {'all': 81}, 'dt': 1778159236, 'sys': {'type': 2, 'id': 2003105, 'country': 'JP', 'sunrise': 1778096925, 'sunset': 1778146498}, 'timezone': 32400, 'id': 1864134, 'name': 'Fuji', 'cod': 200}
[07/05/2026 16:07:17] DEBUG - utils.config:get_weather_requests:98 - weather response: <Response [200]> 
 json: {'coord': {'lon': 138.6768, 'lat': 35.1579}, 'weather': [{'id': 803, 'main': 'Clouds', 'description': 'broken clouds', 'icon': '04n'}], 'base': 'stations', 'main': {'temp': 21.12, 'feels_like': 21.64, 'temp_min': 21.12, 'temp_max': 21.12, 'pressure': 1011, 'humidity': 90, 'sea_level': 1011, 'grnd_level': 974}, 'visibility': 877, 'wind': {'speed': 3.14, 'deg': 190, 'gust': 3.91}, 'clouds': {'all': 81}, 'dt': 1778159237, 'sys': {'type': 2, 'id': 2003105, 'country': 'JP', 'sunrise': 1778096925, 'sunset': 1778146498}, 'timezone': 32400, 'id': 1864134, 'name': 'Fuji', 'cod': 200}
[07/05/2026 16:07:23] DEBUG - utils.config:get_weather_requests:98 - weather response: <Response [200]> 
 json: {'coord': {'lon': 138.6768, 'lat': 35.1579}, 'weather': [{'id': 803, 'main': 'Clouds', 'description': 'broken clouds', 'icon': '04n'}], 'base': 'stations', 'main': {'temp': 21.12, 'feels_like': 21.64, 'temp_min': 21.12, 'temp_max': 21.12, 'pressure': 1011, 'humidity': 90, 'sea_level': 1011, 'grnd_level': 974}, 'visibility': 877, 'wind': {'speed': 3.14, 'deg': 190, 'gust': 3.91}, 'clouds': {'all': 81}, 'dt': 1778159237, 'sys': {'type': 2, 'id': 2003105, 'country': 'JP', 'sunrise': 1778096925, 'sunset': 1778146498}, 'timezone': 32400, 'id': 1864134, 'name': 'Fuji', 'cod': 200}
[07/05/2026 16:07:38] DEBUG - utils.config:get_weather_requests:98 - weather response: <Response [200]> 
 json: {'coord': {'lon': 138.6768, 'lat': 35.1579}, 'weather': [{'id': 803, 'main': 'Clouds', 'description': 'broken clouds', 'icon': '04n'}], 'base': 'stations', 'main': {'temp': 21.12, 'feels_like': 21.64, 'temp_min': 21.12, 'temp_max': 21.12, 'pressure': 1011, 'humidity': 90, 'sea_level': 1011, 'grnd_level': 974}, 'visibility': 877, 'wind': {'speed': 3.14, 'deg': 190, 'gust': 3.91}, 'clouds': {'all': 81}, 'dt': 1778159237, 'sys': {'type': 2, 'id': 2003105, 'country': 'JP', 'sunrise': 1778096925, 'sunset': 1778146498}, 'timezone': 32400, 'id': 1864134, 'name': 'Fuji', 'cod': 200}
[07/05/2026 16:25:24] DEBUG - utils.config:save_message:90 - Saved message 475 into message table.
[07/05/2026 16:25:26] DEBUG - utils.config:change_location:69 - Extracted lat and lon from messages table: (50.491287, 30.332912)
[07/05/2026 16:38:59] DEBUG - utils.config:save_message:90 - Saved message 484 into message table.
[07/05/2026 16:39:00] DEBUG - utils.config:change_location:69 - Extracted lat and lon from messages table: (66.341021, 23.303755)
[07/05/2026 16:39:40] DEBUG - utils.config:save_message:90 - Saved message 488 into message table.
[07/05/2026 16:39:49] DEBUG - utils.config:save_message:90 - Saved message 490 into message table.
[07/05/2026 16:40:29] DEBUG - utils.config:save_message:90 - Saved message 492 into message table.
[07/05/2026 16:40:30] DEBUG - utils.config:change_location:69 - Extracted lat and lon from messages table: (33.757872, -118.19583)
[07/05/2026 16:45:02] DEBUG - utils.config:save_message:90 - Saved message 496 into message table.
[07/05/2026 16:45:03] DEBUG - utils.config:change_location:69 - Extracted lat and lon from messages table: (37.642201, -122.428494)
[10/05/2026 13:37:33] DEBUG - utils.config:save_message:102 - Saved message 507 into message table.
[10/05/2026 13:37:35] DEBUG - utils.config:change_location:69 - Extracted lat and lon from messages table: (50.490572, 30.336264)
[10/05/2026 14:33:21] DEBUG - utils.config:save_message:102 - Saved message 537 into message table.
[10/05/2026 14:33:24] DEBUG - utils.config:change_location:76 - Extracted lat and lon from messages table: (50.490546, 30.336108)
[10/05/2026 14:53:51] DEBUG - utils.config:save_message:102 - Saved message 550 into message table.
[10/05/2026 18:36:52] DEBUG - utils.config:save_message:115 - Saved message 569 into message table.
[10/05/2026 18:46:26] DEBUG - utils.config:save_message:115 - Saved message 586 into message table.
[10/05/2026 18:47:14] DEBUG - utils.config:save_message:115 - Saved message 592 into message table.
[10/05/2026 18:50:10] DEBUG - utils.config:save_message:116 - Saved message 595 into message table.
[10/05/2026 18:56:02] DEBUG - utils.config:save_message:116 - Saved message 600 into message table.
[10/05/2026 18:56:09] DEBUG - utils.config:save_message:116 - Saved message 605 into message table.
[10/05/2026 18:56:15] DEBUG - utils.config:save_message:116 - Saved message 606 into message table.
[10/05/2026 18:56:16] DEBUG - utils.config:save_message:116 - Saved message 607 into message table.
[10/05/2026 18:56:16] DEBUG - utils.config:save_message:116 - Saved message 608 into message table.
[10/05/2026 18:56:17] DEBUG - utils.config:save_message:116 - Saved message 609 into message table.
[10/05/2026 18:56:17] DEBUG - utils.config:save_message:116 - Saved message 610 into message table.
[10/05/2026 18:56:18] DEBUG - utils.config:save_message:116 - Saved message 611 into message table.
[10/05/2026 18:56:19] DEBUG - utils.config:save_message:116 - Saved message 612 into message table.
[10/05/2026 18:57:34] DEBUG - utils.config:save_message:116 - Saved message 613 into message table.
[10/05/2026 18:57:47] DEBUG - utils.config:save_message:116 - Saved message 618 into message table.
[10/05/2026 18:57:48] DEBUG - utils.config:save_message:116 - Saved message 619 into message table.
[10/05/2026 18:57:48] DEBUG - utils.config:save_message:116 - Saved message 620 into message table.
[10/05/2026 18:57:49] DEBUG - utils.config:save_message:116 - Saved message 621 into message table.
[10/05/2026 18:57:49] DEBUG - utils.config:save_message:116 - Saved message 622 into message table.
[10/05/2026 18:57:50] DEBUG - utils.config:save_message:116 - Saved message 623 into message table.
[10/05/2026 18:57:53] DEBUG - utils.config:save_message:116 - Saved message 624 into message table.
[10/05/2026 18:59:40] DEBUG - utils.config:save_message:116 - Saved message 626 into message table.
[10/05/2026 18:59:45] DEBUG - utils.config:save_message:116 - Saved message 631 into message table.
[10/05/2026 19:01:01] DEBUG - utils.config:save_message:116 - Saved message 636 into message table.
[10/05/2026 19:01:09] DEBUG - utils.config:save_message:116 - Saved message 641 into message table.
[10/05/2026 19:06:02] DEBUG - utils.config:save_message:116 - Saved message 646 into message table.
[10/05/2026 19:06:23] DEBUG - utils.config:save_message:116 - Saved message 651 into message table.
[10/05/2026 19:06:24] DEBUG - utils.config:save_message:116 - Saved message 652 into message table.
[10/05/2026 19:06:24] DEBUG - utils.config:save_message:116 - Saved message 653 into message table.
[10/05/2026 19:06:24] DEBUG - utils.config:save_message:116 - Saved message 654 into message table.
[10/05/2026 19:06:24] DEBUG - utils.config:save_message:116 - Saved message 655 into message table.
[10/05/2026 19:06:25] DEBUG - utils.config:save_message:116 - Saved message 656 into message table.
[10/05/2026 19:06:25] DEBUG - utils.config:save_message:116 - Saved message 657 into message table.
[10/05/2026 19:06:25] DEBUG - utils.config:save_message:116 - Saved message 658 into message table.
[10/05/2026 19:06:25] DEBUG - utils.config:save_message:116 - Saved message 659 into message table.
[10/05/2026 19:06:26] DEBUG - utils.config:save_message:116 - Saved message 660 into message table.
[10/05/2026 19:06:26] DEBUG - utils.config:save_message:116 - Saved message 661 into message table.
[10/05/2026 19:06:26] DEBUG - utils.config:save_message:116 - Saved message 662 into message table.
[10/05/2026 19:06:26] DEBUG - utils.config:save_message:116 - Saved message 663 into message table.
[10/05/2026 19:06:27] DEBUG - utils.config:save_message:116 - Saved message 664 into message table.
[10/05/2026 19:06:27] DEBUG - utils.config:save_message:116 - Saved message 665 into message table.
[10/05/2026 19:06:27] DEBUG - utils.config:save_message:116 - Saved message 666 into message table.
[10/05/2026 19:06:27] DEBUG - utils.config:save_message:116 - Saved message 667 into message table.
[10/05/2026 19:06:27] DEBUG - utils.config:save_message:116 - Saved message 668 into message table.
[10/05/2026 19:06:27] DEBUG - utils.config:save_message:116 - Saved message 669 into message table.
[10/05/2026 19:06:27] DEBUG - utils.config:save_message:116 - Saved message 670 into message table.
[10/05/2026 19:06:27] DEBUG - utils.config:save_message:116 - Saved message 671 into message table.
[10/05/2026 19:06:27] DEBUG - utils.config:save_message:116 - Saved message 672 into message table.
[10/05/2026 19:06:28] DEBUG - utils.config:save_message:116 - Saved message 673 into message table.
[10/05/2026 19:07:30] DEBUG - utils.config:save_message:116 - Saved message 674 into message table.
[10/05/2026 19:08:49] DEBUG - utils.config:save_message:116 - Saved message 680 into message table.
[10/05/2026 19:09:31] DEBUG - utils.config:save_message:116 - Saved message 682 into message table.
[10/05/2026 19:14:08] DEBUG - utils.config:save_message:116 - Saved message 688 into message table.
[10/05/2026 19:18:00] DEBUG - utils.config:save_message:116 - Saved message 695 into message table.
[10/05/2026 19:19:34] DEBUG - utils.config:change_preferences:74 - {'METRIC': {'callback_data': 'change-preferences:METRIC:MEASURE'}, 'IMPERIAL': {'callback_data': 'change-preferences:IMPERIAL:MEASURE'}}
[10/05/2026 19:27:27] DEBUG - utils.config:save_message:116 - Saved message 701 into message table.
[10/05/2026 19:28:22] DEBUG - utils.config:save_message:116 - Saved message 709 into message table.
[10/05/2026 19:28:22] DEBUG - utils.config:save_message:116 - Saved message 708 into message table.
[10/05/2026 19:28:24] DEBUG - utils.config:save_message:116 - Saved message 712 into message table.
[10/05/2026 19:54:28] DEBUG - utils.config:save_message:116 - Saved message 715 into message table.
[10/05/2026 19:54:32] DEBUG - utils.config:save_message:116 - Saved message 718 into message table.
[10/05/2026 19:54:36] DEBUG - utils.config:save_message:116 - Saved message 723 into message table.
[10/05/2026 19:56:32] DEBUG - utils.config:save_message:116 - Saved message 731 into message table.
[10/05/2026 19:56:52] DEBUG - utils.config:save_message:116 - Saved message 736 into message table.
[10/05/2026 20:15:49] DEBUG - utils.config:save_message:116 - Saved message 739 into message table.
[10/05/2026 20:17:17] DEBUG - utils.config:save_message:117 - Saved message 743 into message table.
[10/05/2026 20:17:53] DEBUG - utils.config:save_message:117 - Saved message 747 into message table.
[10/05/2026 20:18:24] DEBUG - utils.config:save_message:117 - Saved message 751 into message table.
[10/05/2026 20:19:55] DEBUG - utils.config:save_message:117 - Saved message 755 into message table.
[10/05/2026 20:20:19] DEBUG - utils.config:save_message:117 - Saved message 759 into message table.
[10/05/2026 20:20:35] DEBUG - utils.config:save_message:117 - Saved message 762 into message table.
[10/05/2026 20:21:08] DEBUG - utils.config:save_message:117 - Saved message 766 into message table.
[10/05/2026 20:33:00] DEBUG - utils.config:save_message:117 - Saved message 770 into message table.
[10/05/2026 20:33:26] DEBUG - utils.config:save_message:117 - Saved message 773 into message table.
[10/05/2026 20:33:29] DEBUG - utils.config:database_change_one:74 - ('user_preferences', 'measure', None, 'IMPERIAL')
[10/05/2026 20:39:17] DEBUG - utils.config:save_message:117 - Saved message 777 into message table.
[10/05/2026 20:39:22] DEBUG - utils.config:database_change_one:74 - ('user_preferences', 'measure', 1, 'IMPERIAL')
[10/05/2026 20:41:27] DEBUG - utils.config:save_message:118 - Saved message 781 into message table.
[10/05/2026 20:41:29] DEBUG - utils.config:database_change_one:74 - ('user_preferences', 'measure', 1, 'IMPERIAL')
[10/05/2026 20:44:04] DEBUG - utils.config:save_message:118 - Saved message 785 into message table.
[10/05/2026 20:44:06] DEBUG - utils.config:database_change_one:74 - ('user_preferences', 'measure', 1, 'IMPERIAL')
[10/05/2026 20:45:29] DEBUG - utils.config:save_message:117 - Saved message 789 into message table.
[10/05/2026 20:45:41] DEBUG - utils.config:save_message:117 - Saved message 793 into message table.
[10/05/2026 20:45:42] DEBUG - utils.config:save_message:117 - Saved message 794 into message table.
[10/05/2026 20:47:03] DEBUG - utils.config:save_message:117 - Saved message 795 into message table.
[10/05/2026 20:48:12] DEBUG - utils.config:save_message:117 - Saved message 797 into message table.
[10/05/2026 20:53:57] DEBUG - utils.config:save_message:117 - Saved message 799 into message table.
[10/05/2026 20:54:17] DEBUG - utils.config:save_message:117 - Saved message 801 into message table.
[10/05/2026 21:07:44] DEBUG - utils.config:save_message:125 - Saved message 804 into message table.
[10/05/2026 21:12:44] DEBUG - utils.config:save_message:129 - Saved message 810 into message table.
[10/05/2026 21:18:04] DEBUG - utils.config:save_message:129 - Saved message 815 into message table.
[10/05/2026 21:18:25] DEBUG - utils.config:save_message:129 - Saved message 817 into message table.
[10/05/2026 21:47:08] DEBUG - utils.config:save_message:170 - Saved message 819 into message table.
[10/05/2026 21:49:20] DEBUG - utils.config:save_message:171 - Saved message 821 into message table.
[10/05/2026 21:50:28] DEBUG - utils.config:save_message:172 - Saved message 823 into message table.
[10/05/2026 21:51:19] DEBUG - utils.config:save_message:171 - Saved message 825 into message table.
[10/05/2026 21:52:13] DEBUG - utils.config:save_message:171 - Saved message 827 into message table.
[10/05/2026 21:54:23] DEBUG - utils.config:save_message:174 - Saved message 829 into message table.
[10/05/2026 21:55:07] DEBUG - utils.config:save_message:174 - Saved message 831 into message table.
[10/05/2026 21:56:10] DEBUG - utils.config:save_message:174 - Saved message 833 into message table.
[10/05/2026 22:11:55] DEBUG - utils.config:save_message:173 - Saved message 837 into message table.
[10/05/2026 22:27:16] DEBUG - utils.config:save_message:173 - Saved message 842 into message table.
[10/05/2026 22:28:08] DEBUG - utils.config:save_message:173 - Saved message 847 into message table.
[10/05/2026 22:28:50] DEBUG - utils.config:save_message:173 - Saved message 852 into message table.
[10/05/2026 22:30:46] DEBUG - utils.config:save_message:173 - Saved message 861 into message table.
[10/05/2026 22:31:44] DEBUG - utils.config:save_message:173 - Saved message 865 into message table.
[10/05/2026 22:32:32] DEBUG - utils.config:save_message:173 - Saved message 869 into message table.
[10/05/2026 22:32:36] DEBUG - utils.config:save_message:173 - Saved message 873 into message table.
[10/05/2026 22:32:42] DEBUG - utils.config:save_message:173 - Saved message 877 into message table.
[10/05/2026 22:33:35] DEBUG - utils.config:save_message:173 - Saved message 881 into message table.
[10/05/2026 22:33:38] DEBUG - utils.config:save_message:173 - Saved message 885 into message table.
[10/05/2026 22:33:41] DEBUG - utils.config:save_message:173 - Saved message 888 into message table.
[10/05/2026 22:33:44] DEBUG - utils.config:save_message:173 - Saved message 892 into message table.
[10/05/2026 22:34:48] DEBUG - utils.config:save_message:173 - Saved message 895 into message table.
[10/05/2026 22:36:23] DEBUG - utils.config:save_message:173 - Saved message 903 into message table.
[10/05/2026 22:37:23] DEBUG - utils.config:save_message:173 - Saved message 905 into message table.
[10/05/2026 22:37:34] DEBUG - utils.config:save_message:173 - Saved message 907 into message table.
[10/05/2026 22:37:44] DEBUG - utils.config:save_message:173 - Saved message 909 into message table.
[10/05/2026 22:38:24] DEBUG - utils.config:save_message:173 - Saved message 910 into message table.
[10/05/2026 22:40:42] DEBUG - utils.config:save_message:173 - Saved message 912 into message table.
[10/05/2026 22:41:49] DEBUG - utils.config:save_message:173 - Saved message 914 into message table.
[10/05/2026 22:42:30] DEBUG - utils.config:save_message:174 - Saved message 916 into message table.
[10/05/2026 22:44:06] DEBUG - utils.config:save_message:174 - Saved message 918 into message table.
[10/05/2026 22:46:31] DEBUG - utils.config:save_message:174 - Saved message 920 into message table.
[10/05/2026 22:47:41] DEBUG - utils.config:save_message:174 - Saved message 922 into message table.
[10/05/2026 22:49:05] DEBUG - utils.config:save_message:174 - Saved message 924 into message table.
[10/05/2026 22:49:11] DEBUG - utils.config:save_message:174 - Saved message 926 into message table.
[10/05/2026 22:49:52] DEBUG - utils.config:save_message:174 - Saved message 928 into message table.
[10/05/2026 22:49:56] DEBUG - utils.config:save_message:174 - Saved message 930 into message table.
[10/05/2026 22:50:04] DEBUG - utils.config:save_message:174 - Saved message 932 into message table.
[10/05/2026 22:50:13] DEBUG - utils.config:save_message:174 - Saved message 936 into message table.
[10/05/2026 22:58:15] DEBUG - utils.config:save_message:174 - Saved message 938 into message table.
[10/05/2026 22:58:59] DEBUG - utils.config:save_message:174 - Saved message 942 into message table.
